<?xml version="1.0" encoding="UTF-8"?>
<!-- Generated by org.testng.reporters.JUnitReportReporter -->
<testsuite hostname="NHCLPT520" failures="0" tests="12" name="org.runner.Runner" time="0.173" errors="0" timestamp="14 Sep 2022 06:21:26 GMT" skipped="12">
  <testcase classname="org.runner.Runner" name="runScenario" time="0.001">
    <skipped/>
  </testcase> <!-- runScenario -->
  <testcase classname="org.runner.Runner" name="runScenario" time="0.136">
    <skipped/>
  </testcase> <!-- runScenario -->
  <testcase classname="org.runner.Runner" name="runScenario" time="0.022">
    <skipped/>
  </testcase> <!-- runScenario -->
  <testcase classname="org.runner.Runner" name="runScenario" time="0.002">
    <skipped/>
  </testcase> <!-- runScenario -->
  <testcase classname="org.runner.Runner" name="runScenario" time="0.002">
    <skipped/>
  </testcase> <!-- runScenario -->
  <testcase classname="org.runner.Runner" name="runScenario" time="0.001">
    <skipped/>
  </testcase> <!-- runScenario -->
  <testcase classname="org.runner.Runner" name="runScenario" time="0.001">
    <skipped/>
  </testcase> <!-- runScenario -->
  <testcase classname="org.runner.Runner" name="runScenario" time="0.001">
    <skipped/>
  </testcase> <!-- runScenario -->
  <testcase classname="org.runner.Runner" name="runScenario" time="0.001">
    <skipped/>
  </testcase> <!-- runScenario -->
  <testcase classname="org.runner.Runner" name="runScenario" time="0.002">
    <skipped/>
  </testcase> <!-- runScenario -->
  <testcase classname="org.runner.Runner" name="runScenario" time="0.002">
    <skipped/>
  </testcase> <!-- runScenario -->
  <testcase classname="org.runner.Runner" name="runScenario" time="0.002">
    <skipped/>
  </testcase> <!-- runScenario -->
</testsuite> <!-- org.runner.Runner -->
